<?xml version="1.0" encoding="UTF-8"?>
<!-- Generated by org.testng.reporters.JUnitReportReporter -->
<testsuite skipped="0" hostname="LAPTOP-H9B048JB" name="validation.Test_Orange" tests="1" failures="0" timestamp="18 Sep 2020 20:49:53 GMT" time="11.227" errors="0">
  <testcase name="LoginPage" time="11.227" classname="validation.Test_Orange"/>
</testsuite> <!-- validation.Test_Orange -->
